<?xml version="1.0" encoding="UTF-8"?>
<testsuite name="FileRuleSource 클래스 테스트" tests="4" skipped="0" failures="0" errors="0" timestamp="2026-03-04T07:15:01.768Z" hostname="jhonui-MacBookPro-2.local" time="0.024">
  <properties/>
  <testcase name="파일이 존재하지 않을 때 빈 문자열을 반환해야 한다" classname="com.ipguard.file.FileRuleSourceTest" time="0.017"/>
  <testcase name="빈 파일의 내용을 로드할 때 빈 문자열을 반환해야 한다" classname="com.ipguard.file.FileRuleSourceTest" time="0.002"/>
  <testcase name="파일 경로가 null일 때 빈 문자열을 반환해야 한다" classname="com.ipguard.file.FileRuleSourceTest" time="0.001"/>
  <testcase name="파일이 존재할 때 내용을 성공적으로 로드해야 한다" classname="com.ipguard.file.FileRuleSourceTest" time="0.002"/>
  <system-out><![CDATA[]]></system-out>
  <system-err><![CDATA[]]></system-err>
</testsuite>
