<?xml version="1.0" encoding="UTF-8"?>
<testsuite name="com.ipguard.util.IpUtilsTest" tests="1" skipped="0" failures="1" errors="0" timestamp="2025-11-25T07:27:27.642Z" hostname="jhonui-MacBookPro-2.local" time="0.104">
  <properties/>
  <testcase name="ipToInt: 잘못된 IP면 IllegalArgumentException" classname="com.ipguard.util.IpUtilsTest" time="0.104">
    <failure message="org.opentest4j.AssertionFailedError: Unexpected exception type thrown, expected: &lt;java.lang.IllegalArgumentException&gt; but was: &lt;com.ipguard.exception.IpGuardException&gt;" type="org.opentest4j.AssertionFailedError">org.opentest4j.AssertionFailedError: Unexpected exception type thrown, expected: &lt;java.lang.IllegalArgumentException&gt; but was: &lt;com.ipguard.exception.IpGuardException&gt;
	at app//org.junit.jupiter.api.AssertionFailureBuilder.build(AssertionFailureBuilder.java:151)
	at app//org.junit.jupiter.api.AssertThrows.assertThrows(AssertThrows.java:67)
	at app//org.junit.jupiter.api.AssertThrows.assertThrows(AssertThrows.java:35)
	at app//org.junit.jupiter.api.Assertions.assertThrows(Assertions.java:3111)
	at app//com.ipguard.util.IpUtilsTest.ipToInt_invalidIp(IpUtilsTest.java:67)
	at java.base@17.0.14/java.lang.reflect.Method.invoke(Method.java:569)
	at java.base@17.0.14/java.util.ArrayList.forEach(ArrayList.java:1511)
	at java.base@17.0.14/java.util.ArrayList.forEach(ArrayList.java:1511)
Caused by: IpGuardException{errorCode=IP003, message=Invalid IP: abc}
	at app//com.ipguard.util.IpUtils.ipToInt(IpUtils.java:54)
	at app//com.ipguard.util.IpUtilsTest.lambda$ipToInt_invalidIp$1(IpUtilsTest.java:67)
	at app//org.junit.jupiter.api.AssertThrows.assertThrows(AssertThrows.java:53)
	... 6 more
Caused by: java.net.UnknownHostException: abc: nodename nor servname provided, or not known
	at java.base/java.net.Inet6AddressImpl.lookupAllHostAddr(Native Method)
	at java.base/java.net.InetAddress$PlatformNameService.lookupAllHostAddr(InetAddress.java:934)
	at java.base/java.net.InetAddress.getAddressesFromNameService(InetAddress.java:1543)
	at java.base/java.net.InetAddress$NameServiceAddresses.get(InetAddress.java:852)
	at java.base/java.net.InetAddress.getAllByName0(InetAddress.java:1533)
	at java.base/java.net.InetAddress.getAllByName(InetAddress.java:1385)
	at java.base/java.net.InetAddress.getAllByName(InetAddress.java:1306)
	at java.base/java.net.InetAddress.getByName(InetAddress.java:1256)
	at com.ipguard.util.IpUtils.ipToInt(IpUtils.java:42)
	... 8 more
</failure>
  </testcase>
  <system-out><![CDATA[]]></system-out>
  <system-err><![CDATA[]]></system-err>
</testsuite>
