<?xml version="1.0" encoding="UTF-8"?>
<testsuite name="com.ipguard.core.engine.IpGuardEngineTest" tests="2" skipped="0" failures="0" errors="0" timestamp="2025-12-16T06:15:54.865Z" hostname="jhonui-MacBookPro-2.local" time="0.008">
  <properties/>
  <testcase name="empty_rules_default_allow()" classname="com.ipguard.core.engine.IpGuardEngineTest" time="0.006"/>
  <testcase name="ipv4_single_match()" classname="com.ipguard.core.engine.IpGuardEngineTest" time="0.001"/>
  <system-out><![CDATA[]]></system-out>
  <system-err><![CDATA[]]></system-err>
</testsuite>
